2020-10-28 16:41:08,720 [Worker-2] INFO  c.g.t.t.d.PublishedGradleVersions - Gradle version information cache is up-to-date. Trying to read.
2020-10-28 16:46:24,301 [Worker-2] INFO  o.e.m.c.i.l.LifecycleMappingFactory - Using org.eclipse.m2e.jdt.JarLifecycleMapping lifecycle mapping for MavenProject: com.wellsfargo.batch7:jdbc-demo:0.0.1-SNAPSHOT @ /home/anik/Full Stack Java/wellsfargoFSD/BFTJB07/JSE/jdbc-demo/pom.xml.
2020-10-28 16:46:24,505 [Worker-2] INFO  o.e.m.c.i.l.LifecycleMappingFactory - Using null lifecycle mapping for MavenProject: com.wellsfargo.batch7:first-web-application:0.0.1-SNAPSHOT @ /home/anik/Full Stack Java/wellsfargoFSD/BFTJB07/JSE/FirstWebAppliction/pom.xml.
2020-10-28 16:46:24,925 [Worker-11] INFO  o.e.m.c.i.l.LifecycleMappingFactory - Using null lifecycle mapping for MavenProject: com.wellsfargo.batch7:first-web-application:0.0.1-SNAPSHOT @ /home/anik/Full Stack Java/wellsfargoFSD/BFTJB07/JSE/FirstWebAppliction/pom.xml.
2020-10-28 16:46:24,989 [Worker-11] INFO  o.e.m.c.i.l.LifecycleMappingFactory - Using org.eclipse.m2e.jdt.JarLifecycleMapping lifecycle mapping for MavenProject: com.wellsfargo.batch7:jdbc-demo:0.0.1-SNAPSHOT @ /home/anik/Full Stack Java/wellsfargoFSD/BFTJB07/JSE/jdbc-demo/pom.xml.
2020-10-29 09:25:19,441 [Worker-3] INFO  c.g.t.t.d.PublishedGradleVersions - Gradle version information cache is out-of-date. Trying to update.
2020-10-29 09:34:37,541 [Worker-0] INFO  o.e.m.c.i.l.LifecycleMappingFactory - Using org.eclipse.m2e.jdt.JarLifecycleMapping lifecycle mapping for MavenProject: com.wellsfargo.batch7:jdbc-demo:0.0.1-SNAPSHOT @ /home/anik/Full Stack Java/wellsfargoFSD/BFTJB07/JSE/jdbc-demo/pom.xml.
2020-10-29 09:34:37,614 [Worker-0] INFO  o.e.m.c.i.l.LifecycleMappingFactory - Using null lifecycle mapping for MavenProject: com.wellsfargo.batch7:first-web-application:0.0.1-SNAPSHOT @ /home/anik/Full Stack Java/wellsfargoFSD/BFTJB07/JSE/FirstWebAppliction/pom.xml.
2020-10-29 09:34:38,320 [Worker-22] INFO  o.e.m.c.i.l.LifecycleMappingFactory - Using null lifecycle mapping for MavenProject: com.wellsfargo.batch7:first-mvc-app:0.0.1-SNAPSHOT @ /home/anik/Full Stack Java/wellsfargoFSD/BFTJB07/JSE/FirstMvcApp/pom.xml.
2020-10-29 09:34:38,390 [Worker-22] INFO  o.e.m.c.i.l.LifecycleMappingFactory - Using null lifecycle mapping for MavenProject: com.wellsfargo.batch7:first-web-application:0.0.1-SNAPSHOT @ /home/anik/Full Stack Java/wellsfargoFSD/BFTJB07/JSE/FirstWebAppliction/pom.xml.
2020-10-29 09:34:38,503 [Worker-22] INFO  o.e.m.c.i.l.LifecycleMappingFactory - Using org.eclipse.m2e.jdt.JarLifecycleMapping lifecycle mapping for MavenProject: com.wellsfargo.batch7:jdbc-demo:0.0.1-SNAPSHOT @ /home/anik/Full Stack Java/wellsfargoFSD/BFTJB07/JSE/jdbc-demo/pom.xml.
2020-10-30 13:09:29,496 [Worker-0] INFO  c.g.t.t.d.PublishedGradleVersions - Gradle version information cache is out-of-date. Trying to update.
2020-10-30 13:09:37,907 [Worker-0] INFO  o.e.m.c.i.l.LifecycleMappingFactory - Using null lifecycle mapping for MavenProject: com.wellsfargo.batch7:first-mvc-app:0.0.1-SNAPSHOT @ /home/anik/Full Stack Java/wellsfargoFSD/BFTJB07/JSE/FirstMvcApp/pom.xml.
2020-10-31 09:49:17,768 [Worker-4] INFO  c.g.t.t.d.PublishedGradleVersions - Gradle version information cache is up-to-date. Trying to read.
2020-10-31 09:49:29,242 [Worker-12] INFO  o.e.m.c.i.l.LifecycleMappingFactory - Using null lifecycle mapping for MavenProject: com.wellsfargo.batch7:first-mvc-app:0.0.1-SNAPSHOT @ /home/anik/Full Stack Java/wellsfargoFSD/BFTJB07/JSE/FirstMvcApp/pom.xml.
2020-10-31 09:49:29,478 [Worker-6] INFO  o.e.m.c.i.l.LifecycleMappingFactory - Using null lifecycle mapping for MavenProject: com.wellsfargo.batch7:first-mvc-app:0.0.1-SNAPSHOT @ /home/anik/Full Stack Java/wellsfargoFSD/BFTJB07/JSE/FirstMvcApp/pom.xml.
2020-10-31 09:49:29,576 [Worker-6] INFO  o.e.m.c.i.l.LifecycleMappingFactory - Using null lifecycle mapping for MavenProject: com.wellsfargo.batch7:first-web-application:0.0.1-SNAPSHOT @ /home/anik/Full Stack Java/wellsfargoFSD/BFTJB07/JSE/FirstWebAppliction/pom.xml.
2020-10-31 10:13:49,233 [Worker-32] INFO  o.e.m.c.i.l.LifecycleMappingFactory - Using null lifecycle mapping for MavenProject: com.wellsfargo.batch7:first-mvc-app:0.0.1-SNAPSHOT @ /home/anik/Full Stack Java/wellsfargoFSD/BFTJB07/JSE/FirstMvcApp/pom.xml.
2020-10-31 10:13:50,769 [Worker-33] INFO  o.e.m.c.i.l.LifecycleMappingFactory - Using null lifecycle mapping for MavenProject: com.wellsfargo.batch7:first-mvc-app:0.0.1-SNAPSHOT @ /home/anik/Full Stack Java/wellsfargoFSD/BFTJB07/JSE/FirstMvcApp/pom.xml.
2020-10-31 10:14:09,932 [Worker-33] INFO  o.e.m.c.i.l.LifecycleMappingFactory - Using null lifecycle mapping for MavenProject: com.wellsfargo.batch7:first-mvc-app:0.0.1-SNAPSHOT @ /home/anik/Full Stack Java/wellsfargoFSD/BFTJB07/JSE/FirstMvcApp/pom.xml.
2020-10-31 10:14:16,465 [Worker-33] INFO  o.e.m.c.i.l.LifecycleMappingFactory - Using null lifecycle mapping for MavenProject: com.wellsfargo.batch7:first-mvc-app:0.0.1-SNAPSHOT @ /home/anik/Full Stack Java/wellsfargoFSD/BFTJB07/JSE/FirstMvcApp/pom.xml.
2020-10-31 10:14:17,693 [Worker-31] INFO  o.e.m.c.i.l.LifecycleMappingFactory - Using null lifecycle mapping for MavenProject: com.wellsfargo.batch7:first-mvc-app:0.0.1-SNAPSHOT @ /home/anik/Full Stack Java/wellsfargoFSD/BFTJB07/JSE/FirstMvcApp/pom.xml.
2020-10-31 10:14:18,947 [Worker-30] INFO  o.e.m.c.i.l.LifecycleMappingFactory - Using null lifecycle mapping for MavenProject: com.wellsfargo.batch7:first-mvc-app:0.0.1-SNAPSHOT @ /home/anik/Full Stack Java/wellsfargoFSD/BFTJB07/JSE/FirstMvcApp/pom.xml.
2020-10-31 10:17:11,490 [Worker-33] INFO  o.e.m.c.i.l.LifecycleMappingFactory - Using null lifecycle mapping for MavenProject: com.wellsfargo.batch7:first-mvc-app:0.0.1-SNAPSHOT @ /home/anik/Full Stack Java/wellsfargoFSD/BFTJB07/JSE/FirstMvcApp/pom.xml.
2020-10-31 14:06:16,177 [Worker-95] INFO  o.e.m.c.i.l.LifecycleMappingFactory - Using org.eclipse.m2e.jdt.JarLifecycleMapping lifecycle mapping for MavenProject: com.wellsfargo.batch7.group1.IBS:IntegratedBankingSystem:0.0.1-SNAPSHOT @ /home/anik/JavaWorkSpace_git/IntegratedBankingSystem/pom.xml.
2020-10-31 14:06:29,121 [Worker-97] ERROR o.e.m2e.editor.pom.MavenPomEditor - failed to load maven project for org.eclipse.ui.part.FileEditorInput(/IntegratedBankingSystem/pom.xml)
org.eclipse.core.runtime.CoreException: Could not read maven project
	at org.eclipse.m2e.core.internal.project.registry.ProjectRegistryManager.readProjectWithDependencies(ProjectRegistryManager.java:804) ~[na:na]
	at org.eclipse.m2e.core.internal.project.registry.ProjectRegistryManager$6.call(ProjectRegistryManager.java:1010) ~[na:na]
	at org.eclipse.m2e.core.internal.project.registry.ProjectRegistryManager$6.call(ProjectRegistryManager.java:1) ~[na:na]
	at com.google.common.cache.LocalCache$LocalManualCache$1.load(LocalCache.java:5065) ~[na:na]
	at com.google.common.cache.LocalCache$LoadingValueReference.loadFuture(LocalCache.java:3716) ~[na:na]
	at com.google.common.cache.LocalCache$Segment.loadSync(LocalCache.java:2424) ~[na:na]
	at com.google.common.cache.LocalCache$Segment.lockedGetOrLoad(LocalCache.java:2298) ~[na:na]
	at com.google.common.cache.LocalCache$Segment.get(LocalCache.java:2211) ~[na:na]
	at com.google.common.cache.LocalCache.get(LocalCache.java:4154) ~[na:na]
	at com.google.common.cache.LocalCache$LocalManualCache.get(LocalCache.java:5060) ~[na:na]
	at org.eclipse.m2e.core.internal.project.registry.ProjectRegistryManager.getMavenProject(ProjectRegistryManager.java:1008) ~[na:na]
	at org.eclipse.m2e.core.internal.project.registry.MavenProjectFacade.getMavenProject(MavenProjectFacade.java:242) ~[na:na]
	at org.eclipse.m2e.core.ui.internal.actions.SelectionUtil.getMavenProject(SelectionUtil.java:261) ~[org.eclipse.m2e.core.ui_1.8.0.20170516-2043.jar:na]
	at org.eclipse.m2e.editor.pom.MavenPomEditor.readMavenProject(MavenPomEditor.java:742) ~[na:na]
	at org.eclipse.m2e.editor.pom.MavenPomEditor$5.run(MavenPomEditor.java:1077) ~[na:na]
	at org.eclipse.core.internal.jobs.Worker.run(Worker.java:56) [org.eclipse.core.jobs_3.9.0.v20170322-0013.jar:na]
2020-11-01 10:16:36,565 [Worker-6] INFO  c.g.t.t.d.PublishedGradleVersions - Gradle version information cache is out-of-date. Trying to update.
2020-11-01 10:16:48,988 [Worker-8] INFO  o.e.m.c.i.l.LifecycleMappingFactory - Using null lifecycle mapping for MavenProject: com.wellsfargo.batch7:first-mvc-app:0.0.1-SNAPSHOT @ /home/anik/Full Stack Java/wellsfargoFSD/BFTJB07/JSE/FirstMvcApp/pom.xml.
2020-11-01 10:16:49,154 [Worker-8] INFO  o.e.m.c.i.l.LifecycleMappingFactory - Using null lifecycle mapping for MavenProject: com.wellsfargo.batch7:first-web-application:0.0.1-SNAPSHOT @ /home/anik/Full Stack Java/wellsfargoFSD/BFTJB07/JSE/FirstWebAppliction/pom.xml.
2020-11-02 09:25:06,699 [Worker-4] INFO  c.g.t.t.d.PublishedGradleVersions - Gradle version information cache is up-to-date. Trying to read.
2020-11-02 09:25:23,184 [Worker-14] INFO  o.e.m.c.i.l.LifecycleMappingFactory - Using null lifecycle mapping for MavenProject: com.wellsfargo.batch7:first-mvc-app:0.0.1-SNAPSHOT @ /home/anik/Full Stack Java/wellsfargoFSD/BFTJB07/JSE/FirstMvcApp/pom.xml.
2020-11-02 09:25:23,487 [Worker-14] INFO  o.e.m.c.i.l.LifecycleMappingFactory - Using null lifecycle mapping for MavenProject: com.wellsfargo.batch7:first-web-application:0.0.1-SNAPSHOT @ /home/anik/Full Stack Java/wellsfargoFSD/BFTJB07/JSE/FirstWebAppliction/pom.xml.
